# JRE version: OpenJDK Runtime Environment (8.0_152-b01) (build 1.8.0_152-release-915-b01)
# Java VM: OpenJDK 64-Bit Server VM (25.152-b01 mixed mode linux-amd64 compressed oops)
Heap:
 PSYoungGen      total 434688K, used 219720K [0x00000000e0000000, 0x0000000100000000, 0x0000000100000000)
  eden space 370688K, 42% used [0x00000000e0000000,0x00000000e9828d38,0x00000000f6a00000)
  from space 64000K, 99% used [0x00000000f6a00000,0x00000000fa869428,0x00000000fa880000)
  to   space 83968K, 0% used [0x00000000fae00000,0x00000000fae00000,0x0000000100000000)
 ParOldGen       total 172032K, used 90838K [0x00000000a0000000, 0x00000000aa800000, 0x00000000e0000000)
  object space 172032K, 52% used [0x00000000a0000000,0x00000000a58b5b18,0x00000000aa800000)
 Metaspace       used 176222K, capacity 186606K, committed 186900K, reserved 1210368K
  class space    used 23577K, capacity 26045K, committed 26172K, reserved 1048576K
GC Heap History (10 events):
Event: 1289,943 GC heap before
{Heap before GC invocations=24 (full 5):
 PSYoungGen      total 452608K, used 30344K [0x00000000e0000000, 0x0000000100000000, 0x0000000100000000)
  eden space 421888K, 0% used [0x00000000e0000000,0x00000000e0000000,0x00000000f9c00000)
  from space 30720K, 98% used [0x00000000f9c00000,0x00000000fb9a2268,0x00000000fba00000)
  to   space 51712K, 0% used [0x00000000fcd80000,0x00000000fcd80000,0x0000000100000000)
 ParOldGen       total 166400K, used 103505K [0x00000000a0000000, 0x00000000aa280000, 0x00000000e0000000)
  object space 166400K, 62% used [0x00000000a0000000,0x00000000a6514578,0x00000000aa280000)
 Metaspace       used 130385K, capacity 137884K, committed 138060K, reserved 1169408K
  class space    used 17290K, capacity 19074K, committed 19132K, reserved 1048576K
Event: 1290,424 GC heap after
Heap after GC invocations=24 (full 5):
 PSYoungGen      total 452608K, used 0K [0x00000000e0000000, 0x0000000100000000, 0x0000000100000000)
  eden space 421888K, 0% used [0x00000000e0000000,0x00000000e0000000,0x00000000f9c00000)
  from space 30720K, 0% used [0x00000000f9c00000,0x00000000f9c00000,0x00000000fba00000)
  to   space 51712K, 0% used [0x00000000fcd80000,0x00000000fcd80000,0x0000000100000000)
 ParOldGen       total 172032K, used 86730K [0x00000000a0000000, 0x00000000aa800000, 0x00000000e0000000)
  object space 172032K, 50% used [0x00000000a0000000,0x00000000a54b29a0,0x00000000aa800000)
 Metaspace       used 130384K, capacity 137882K, committed 138060K, reserved 1169408K
  class space    used 17290K, capacity 19073K, committed 19132K, reserved 1048576K
}
Event: 1712,476 GC heap before
{Heap before GC invocations=25 (full 5):
 PSYoungGen      total 452608K, used 421888K [0x00000000e0000000, 0x0000000100000000, 0x0000000100000000)
  eden space 421888K, 100% used [0x00000000e0000000,0x00000000f9c00000,0x00000000f9c00000)
  from space 30720K, 0% used [0x00000000f9c00000,0x00000000f9c00000,0x00000000fba00000)
  to   space 51712K, 0% used [0x00000000fcd80000,0x00000000fcd80000,0x0000000100000000)
 ParOldGen       total 172032K, used 86730K [0x00000000a0000000, 0x00000000aa800000, 0x00000000e0000000)
  object space 172032K, 50% used [0x00000000a0000000,0x00000000a54b29a0,0x00000000aa800000)
 Metaspace       used 146103K, capacity 154616K, committed 154772K, reserved 1183744K
  class space    used 19457K, capacity 21430K, committed 21436K, reserved 1048576K
Event: 1712,598 GC heap after
Heap after GC invocations=25 (full 5):
 PSYoungGen      total 454144K, used 51705K [0x00000000e0000000, 0x0000000100000000, 0x0000000100000000)
  eden space 402432K, 0% used [0x00000000e0000000,0x00000000e0000000,0x00000000f8900000)
  from space 51712K, 99% used [0x00000000fcd80000,0x00000000ffffe4e0,0x0000000100000000)
  to   space 60928K, 0% used [0x00000000f8900000,0x00000000f8900000,0x00000000fc480000)
 ParOldGen       total 172032K, used 90814K [0x00000000a0000000, 0x00000000aa800000, 0x00000000e0000000)
  object space 172032K, 52% used [0x00000000a0000000,0x00000000a58afb18,0x00000000aa800000)
 Metaspace       used 146103K, capacity 154616K, committed 154772K, reserved 1183744K
  class space    used 19457K, capacity 21430K, committed 21436K, reserved 1048576K
}
Event: 3016,741 GC heap before
{Heap before GC invocations=26 (full 5):
 PSYoungGen      total 454144K, used 454137K [0x00000000e0000000, 0x0000000100000000, 0x0000000100000000)
  eden space 402432K, 100% used [0x00000000e0000000,0x00000000f8900000,0x00000000f8900000)
  from space 51712K, 99% used [0x00000000fcd80000,0x00000000ffffe4e0,0x0000000100000000)
  to   space 60928K, 0% used [0x00000000f8900000,0x00000000f8900000,0x00000000fc480000)
 ParOldGen       total 172032K, used 90814K [0x00000000a0000000, 0x00000000aa800000, 0x00000000e0000000)
  object space 172032K, 52% used [0x00000000a0000000,0x00000000a58afb18,0x00000000aa800000)
 Metaspace       used 156273K, capacity 165380K, committed 165652K, reserved 1191936K
  class space    used 20839K, capacity 22982K, committed 23100K, reserved 1048576K
Event: 3016,834 GC heap after
Heap after GC invocations=26 (full 5):
 PSYoungGen      total 456192K, used 53424K [0x00000000e0000000, 0x0000000100000000, 0x0000000100000000)
  eden space 402432K, 0% used [0x00000000e0000000,0x00000000e0000000,0x00000000f8900000)
  from space 53760K, 99% used [0x00000000f8900000,0x00000000fbd2c318,0x00000000fbd80000)
  to   space 67584K, 0% used [0x00000000fbe00000,0x00000000fbe00000,0x0000000100000000)
 ParOldGen       total 172032K, used 90822K [0x00000000a0000000, 0x00000000aa800000, 0x00000000e0000000)
  object space 172032K, 52% used [0x00000000a0000000,0x00000000a58b1b18,0x00000000aa800000)
 Metaspace       used 156273K, capacity 165380K, committed 165652K, reserved 1191936K
  class space    used 20839K, capacity 22982K, committed 23100K, reserved 1048576K
}
Event: 3114,257 GC heap before
{Heap before GC invocations=27 (full 5):
 PSYoungGen      total 456192K, used 455856K [0x00000000e0000000, 0x0000000100000000, 0x0000000100000000)
  eden space 402432K, 100% used [0x00000000e0000000,0x00000000f8900000,0x00000000f8900000)
  from space 53760K, 99% used [0x00000000f8900000,0x00000000fbd2c318,0x00000000fbd80000)
  to   space 67584K, 0% used [0x00000000fbe00000,0x00000000fbe00000,0x0000000100000000)
 ParOldGen       total 172032K, used 90822K [0x00000000a0000000, 0x00000000aa800000, 0x00000000e0000000)
  object space 172032K, 52% used [0x00000000a0000000,0x00000000a58b1b18,0x00000000aa800000)
 Metaspace       used 166228K, capacity 176038K, committed 176404K, reserved 1202176K
  class space    used 22212K, capacity 24511K, committed 24636K, reserved 1048576K
Event: 3114,370 GC heap after
Heap after GC invocations=27 (full 5):
 PSYoungGen      total 438272K, used 63286K [0x00000000e0000000, 0x0000000100000000, 0x0000000100000000)
  eden space 370688K, 0% used [0x00000000e0000000,0x00000000e0000000,0x00000000f6a00000)
  from space 67584K, 93% used [0x00000000fbe00000,0x00000000ffbcd9e0,0x0000000100000000)
  to   space 76800K, 0% used [0x00000000f6a00000,0x00000000f6a00000,0x00000000fb500000)
 ParOldGen       total 172032K, used 90830K [0x00000000a0000000, 0x00000000aa800000, 0x00000000e0000000)
  object space 172032K, 52% used [0x00000000a0000000,0x00000000a58b3b18,0x00000000aa800000)
 Metaspace       used 166228K, capacity 176038K, committed 176404K, reserved 1202176K
  class space    used 22212K, capacity 24511K, committed 24636K, reserved 1048576K
}
Event: 3416,140 GC heap before
{Heap before GC invocations=28 (full 5):
 PSYoungGen      total 438272K, used 433974K [0x00000000e0000000, 0x0000000100000000, 0x0000000100000000)
  eden space 370688K, 100% used [0x00000000e0000000,0x00000000f6a00000,0x00000000f6a00000)
  from space 67584K, 93% used [0x00000000fbe00000,0x00000000ffbcd9e0,0x0000000100000000)
  to   space 76800K, 0% used [0x00000000f6a00000,0x00000000f6a00000,0x00000000fb500000)
 ParOldGen       total 172032K, used 90830K [0x00000000a0000000, 0x00000000aa800000, 0x00000000e0000000)
  object space 172032K, 52% used [0x00000000a0000000,0x00000000a58b3b18,0x00000000aa800000)
 Metaspace       used 176087K, capacity 186422K, committed 186516K, reserved 1210368K
  class space    used 23566K, capacity 26005K, committed 26044K, reserved 1048576K
Event: 3416,259 GC heap after
Heap after GC invocations=28 (full 5):
 PSYoungGen      total 434688K, used 63909K [0x00000000e0000000, 0x0000000100000000, 0x0000000100000000)
  eden space 370688K, 0% used [0x00000000e0000000,0x00000000e0000000,0x00000000f6a00000)
  from space 64000K, 99% used [0x00000000f6a00000,0x00000000fa869428,0x00000000fa880000)
  to   space 83968K, 0% used [0x00000000fae00000,0x00000000fae00000,0x0000000100000000)
 ParOldGen       total 172032K, used 90838K [0x00000000a0000000, 0x00000000aa800000, 0x00000000e0000000)
  object space 172032K, 52% used [0x00000000a0000000,0x00000000a58b5b18,0x00000000aa800000)
 Metaspace       used 176087K, capacity 186422K, committed 186516K, reserved 1210368K
  class space    used 23566K, capacity 26005K, committed 26044K, reserved 1048576K
}

